<?xml version="1.0" encoding="UTF-8"?>
<!-- Generated by org.testng.reporters.JUnitReportReporter -->
<testsuite skipped="0" hostname="DESKTOP-UB8SCE2" name="com.bitm.SeleniumOnlineProject2.Test.LoginTest" tests="2" failures="0" timestamp="2020-10-19T21:48:08 ALMT" time="33.488" errors="0">
  <testcase name="LoginTestCheck" time="16.549" classname="com.bitm.SeleniumOnlineProject2.Test.LoginTest"/>
  <system-out/>
  <testcase name="CheckLoginPageTitle" time="16.939" classname="com.bitm.SeleniumOnlineProject2.Test.LoginTest"/>
  <system-out/>
</testsuite> <!-- com.bitm.SeleniumOnlineProject2.Test.LoginTest -->
