<?xml version="1.0" encoding="UTF-8"?>
<!-- Generated by org.testng.reporters.JUnitReportReporter -->
<testsuite skipped="0" hostname="DESKTOP-UB8SCE2" name="com.bitm.SeleniumOnlineProject2.Test.LoginTest" tests="2" failures="0" timestamp="2020-10-16T14:45:17 ALMT" time="21.586" errors="0">
  <testcase name="LoginTestCheck" time="7.700" classname="com.bitm.SeleniumOnlineProject2.Test.LoginTest"/>
  <system-out/>
  <testcase name="CheckLoginPageTitle" time="13.886" classname="com.bitm.SeleniumOnlineProject2.Test.LoginTest"/>
  <system-out/>
</testsuite> <!-- com.bitm.SeleniumOnlineProject2.Test.LoginTest -->
