<?xml version="1.0" encoding="UTF-8"?>
<!-- Generated by org.testng.reporters.JUnitReportReporter -->
<testsuite skipped="0" hostname="DESKTOP-UB8SCE2" name="com.bitm.SeleniumOnlineProject2.Utils.DriverManager" tests="1" failures="0" timestamp="2020-10-16T11:43:55 ALMT" time="0.028" errors="0">
  <testcase name="DriverManagerTest" time="0.028" classname="com.bitm.SeleniumOnlineProject2.Utils.DriverManager"/>
  <system-out/>
</testsuite> <!-- com.bitm.SeleniumOnlineProject2.Utils.DriverManager -->
